<?xml version="1.0" encoding="UTF-8"?>
<testsuite xmlns:xsi="http://www.w3.org/2001/XMLSchema-instance" xsi:noNamespaceSchemaLocation="https://maven.apache.org/surefire/maven-surefire-plugin/xsd/surefire-test-report.xsd" name="logic.LogicTest" time="0.147" tests="87" errors="0" skipped="0" failures="0">
  <properties>
[...]
</properties>
  <testcase name="testEmptyCellsLeft" classname="logic.LogicTest" time="0.004"/>
  <testcase name="testEvaluateWinnerSextupletHorizontal" classname="logic.LogicTest" time="0.012"/>
  <testcase name="testCauseTurn_IncludesPlayerTurnAI_RemoveToken" classname="logic.LogicTest" time="0.033"/>
  <testcase name="testFieldIsNotEmpty" classname="logic.LogicTest" time="0.001"/>
  <testcase name="testAITurn_swapOnBoardStoneSwapForWinVertical" classname="logic.LogicTest" time="0"/>
  <testcase name="testAITurn_swapOnBoardStoneSwapForWinHorizontal" classname="logic.LogicTest" time="0.001"/>
  <testcase name="testPlayerTurnSwapOnBoardToken" classname="logic.LogicTest" time="0.002"/>
  <testcase name="testPointEvaluationColumnQuintuplet" classname="logic.LogicTest" time="0"/>
  <testcase name="testAITurn_swapOnBoardStoneTwoTokens" classname="logic.LogicTest" time="0.001"/>
  <testcase name="testCauseTurn_IncludesPlayerTurnAI_RegularToken" classname="logic.LogicTest" time="0.003"/>
  <testcase name="testPlayerTurnRegularToken" classname="logic.LogicTest" time="0.002"/>
  <testcase name="testCauseTurn_IncludesPlayerTurnAI_SwapOnBoardToken" classname="logic.LogicTest" time="0.002"/>
  <testcase name="testAITurn_standardTileGetMaxPointTurns" classname="logic.LogicTest" time="0.002"/>
  <testcase name="testAITurn_swapOnBoardStonePreventSixOpponentIsVertical" classname="logic.LogicTest" time="0"/>
  <testcase name="testPointEvaluationRowQuadruplet" classname="logic.LogicTest" time="0"/>
  <testcase name="testCauseTurn_IncludesPlayerTurnAI_SwapWithHandToken" classname="logic.LogicTest" time="0.002"/>
  <testcase name="testAITurn_suggestTurnMoveTokenMoveForPoints" classname="logic.LogicTest" time="0.001"/>
  <testcase name="testAITurn_moveStoneMoveForWin" classname="logic.LogicTest" time="0.001"/>
  <testcase name="testEvaluateWinnerHorizontal" classname="logic.LogicTest" time="0"/>
  <testcase name="testPlayerTurn_CombinationWithPlayerTurnAi" classname="logic.LogicTest" time="0.002"/>
  <testcase name="testAITurn_swapOnBoardStoneMaxPointSwapTurnsHorizontal" classname="logic.LogicTest" time="0.001"/>
  <testcase name="testFieldIsEmpty" classname="logic.LogicTest" time="0"/>
  <testcase name="testPlayerTurnSwapWithHandToken" classname="logic.LogicTest" time="0.001"/>
  <testcase name="testAITurn_StandardTile_stopWinOpposingTeam" classname="logic.LogicTest" time="0.001"/>
  <testcase name="testAiTurn_getBestTurnsMoveStone" classname="logic.LogicTest" time="0.001"/>
  <testcase name="testAITurn_StandardTile_placeWinningTile" classname="logic.LogicTest" time="0"/>
  <testcase name="testAITurn_suggestTurnSwapOnBoardSwapForWin" classname="logic.LogicTest" time="0.001"/>
  <testcase name="testAITurn_swapWithHandPreventOpponentWinningSix" classname="logic.LogicTest" time="0"/>
  <testcase name="testIsPlayableTurn_MoveTokenIsPlayable" classname="logic.LogicTest" time="0"/>
  <testcase name="testIsPlayableTurn_SwapWithHandTokenIsNotPlayable" classname="logic.LogicTest" time="0"/>
  <testcase name="testIsPlayableTurn_SwapOnBoardTokenIsNotPlayable" classname="logic.LogicTest" time="0"/>
  <testcase name="testAITurn_swapOnBoardStoneMorePossibleTurns" classname="logic.LogicTest" time="0"/>
  <testcase name="testPlayerTurnRemoveToken" classname="logic.LogicTest" time="0.001"/>
  <testcase name="testEvaluateWinnerNoWinner" classname="logic.LogicTest" time="0"/>
  <testcase name="testIsPlayableTurn_RemoveTokenFieldIsNotEmpty" classname="logic.LogicTest" time="0"/>
  <testcase name="testPointEvaluationRowNoPoints" classname="logic.LogicTest" time="0"/>
  <testcase name="testAITurn_suggestTurnRemove_bestRemoveForTurn" classname="logic.LogicTest" time="0"/>
  <testcase name="testAITurn_getBestTurn" classname="logic.LogicTest" time="0.001"/>
  <testcase name="testPointEvaluationColumnTriplet" classname="logic.LogicTest" time="0"/>
  <testcase name="testAITurn_removerStopWinningSixOpponent" classname="logic.LogicTest" time="0"/>
  <testcase name="testPointEvaluationRowPair" classname="logic.LogicTest" time="0"/>
  <testcase name="testPointEvaluationRowQuintuplet" classname="logic.LogicTest" time="0"/>
  <testcase name="testAITurn_swapWithHandSwapForWin" classname="logic.LogicTest" time="0"/>
  <testcase name="testIsPlayableTurn_SwapWithHandTokenIsNotPlayable3" classname="logic.LogicTest" time="0"/>
  <testcase name="testAITurn_suggestTurnRemove_bestRemoveForTurnMultiplePossibilities" classname="logic.LogicTest" time="0"/>
  <testcase name="testIsPlayableTurn_MoveTokenFieldIsFull" classname="logic.LogicTest" time="0"/>
  <testcase name="testAITurn_suggestTurnRegularTokenWinningSix" classname="logic.LogicTest" time="0.001"/>
  <testcase name="testAITurn_suggestTurnRemovePreventWinningSix" classname="logic.LogicTest" time="0"/>
  <testcase name="testAITurn_suggestTurnGetChooseRightPosition" classname="logic.LogicTest" time="0.002"/>
  <testcase name="testAITurn_suggestTurnSwapWithHandSwapForPoints" classname="logic.LogicTest" time="0.001"/>
  <testcase name="testAITurn_StandardTile_allCellsFree" classname="logic.LogicTest" time="0"/>
  <testcase name="testAITurn_StandardTile_cantStopWinOpposingTeamWithToken" classname="logic.LogicTest" time="0"/>
  <testcase name="testPointEvaluationRowTriplet" classname="logic.LogicTest" time="0"/>
  <testcase name="testAITurn_remover" classname="logic.LogicTest" time="0"/>
  <testcase name="testHandleSpecialToken" classname="logic.LogicTest" time="0.001"/>
  <testcase name="testPointEvaluationColumnPair" classname="logic.LogicTest" time="0"/>
  <testcase name="testNoEmptyCellsLeft" classname="logic.LogicTest" time="0"/>
  <testcase name="testAITurn_suggestTurnGameStarted" classname="logic.LogicTest" time="0.001"/>
  <testcase name="testAITurn_suggestTurnRemoveTokenRemoveToken" classname="logic.LogicTest" time="0"/>
  <testcase name="testAITurn_swapWithHandPrioritizeWinPrevention" classname="logic.LogicTest" time="0"/>
  <testcase name="testPointEvaluationColumnSixOfOneKind" classname="logic.LogicTest" time="0"/>
  <testcase name="testPointEvaluationRowTwoPairs" classname="logic.LogicTest" time="0.001"/>
  <testcase name="testPointEvaluationColumnQuadruplet" classname="logic.LogicTest" time="0"/>
  <testcase name="testAITurn_moveStone" classname="logic.LogicTest" time="0.001"/>
  <testcase name="testPointEvaluationColumnPairAndTriplet" classname="logic.LogicTest" time="0"/>
  <testcase name="testEvaluateWinnerSextupletVertical" classname="logic.LogicTest" time="0"/>
  <testcase name="testCountTokensOnField" classname="logic.LogicTest" time="0"/>
  <testcase name="testEvaluateFieldHorizontal" classname="logic.LogicTest" time="0"/>
  <testcase name="testAITurn_suggestTurnMoveTokenPreventWinningSix" classname="logic.LogicTest" time="0.001"/>
  <testcase name="testAITurn_suggestTurnSwapWithHandSwapWinningSix" classname="logic.LogicTest" time="0"/>
  <testcase name="testIsPlayableTurn_MoveTokenFieldIsEmpty" classname="logic.LogicTest" time="0"/>
  <testcase name="testEvaluateWinnerVertical" classname="logic.LogicTest" time="0"/>
  <testcase name="testAITurn_suggestTurnSwapOnBoardSwapForPoints" classname="logic.LogicTest" time="0.001"/>
  <testcase name="testAITurn_swapWithHandStone" classname="logic.LogicTest" time="0"/>
  <testcase name="testAITurn_suggestTurnMoveTokenWinningSix" classname="logic.LogicTest" time="0.001"/>
  <testcase name="testAITurn_suggestTurnRegularTokenPreventWinningSix" classname="logic.LogicTest" time="0"/>
  <testcase name="testEvaluateFieldVertical" classname="logic.LogicTest" time="0"/>
  <testcase name="testEvaluateWinnerUnfinishedGame" classname="logic.LogicTest" time="0"/>
  <testcase name="testPointEvaluationColumnNoPoints" classname="logic.LogicTest" time="0"/>
  <testcase name="testAITurn_swapOnBoardStonePreventSixOpponentIsHorizontal" classname="logic.LogicTest" time="0.001"/>
  <testcase name="testAITurn_moveStonePreventOpponentWin" classname="logic.LogicTest" time="0"/>
  <testcase name="testAITurn_suggestTurnSwapWithHandPreventSix" classname="logic.LogicTest" time="0"/>
  <testcase name="testIsPlayableTurn_SwapOnBoardTokenIsPlayable" classname="logic.LogicTest" time="0"/>
  <testcase name="testAITurn_suggestTurnSwapOnBoardPreventWinningSix" classname="logic.LogicTest" time="0"/>
  <testcase name="testPlayerTurnMoveToken" classname="logic.LogicTest" time="0.007"/>
  <testcase name="testIsPlayableTurn_RemoveTokenFieldIsEmpty" classname="logic.LogicTest" time="0.001"/>
  <testcase name="testSetToken" classname="logic.LogicTest" time="0"/>
</testsuite>